<?xml version="1.0" encoding="UTF-8"?>
<!-- Generated by org.testng.reporters.JUnitXMLReporter -->
<testsuite ignored="0" hostname="Estebans-MacBook-Air.local" failures="0" tests="2" name="Surefire test" time="4.113" errors="0" timestamp="2025-03-25T21:19:46 CST">
  <testcase classname="edep.seleniumLearning.app.tests.WebFormTest" name="testTextInput" time="2.182"/>
  <testcase classname="edep.seleniumLearning.app.tests.WebFormTest" name="testTextInput" time="1.363"/>
</testsuite> <!-- Surefire test -->
