<?xml version="1.0" encoding="UTF-8"?>
<testng-results ignored="0" total="4" passed="4" failed="0" skipped="0">
  <reporter-output>
  </reporter-output>
  <suite started-at="2025-03-25T21:20:17 CST" name="parallel-suite" finished-at="2025-03-25T21:20:22 CST" duration-ms="4801">
    <groups>
    </groups>
    <test started-at="2025-03-25T21:20:17 CST" name="parallel-tests" finished-at="2025-03-25T21:20:22 CST" duration-ms="4801">
      <class name="edep.seleniumLearning.app.tests.WebFormTestCopy">
        <test-method signature="testTextInput(java.lang.String)[pri:0, instance:edep.seleniumLearning.app.tests.WebFormTestCopy@6cb6decd]" started-at="2025-03-25T21:20:17 CST" name="testTextInput" data-provider="browser" finished-at="2025-03-25T21:20:20 CST" duration-ms="2764" status="PASS">
          <params>
            <param index="0">
              <value>
                <![CDATA[firefox]]>
              </value>
            </param>
          </params>
          <reporter-output>
          </reporter-output>
        </test-method> <!-- testTextInput -->
        <test-method is-config="true" signature="teardown()[pri:0, instance:edep.seleniumLearning.app.tests.WebFormTestCopy@6cb6decd]" started-at="2025-03-25T21:20:20 CST" name="teardown" finished-at="2025-03-25T21:20:20 CST" duration-ms="443" status="PASS">
          <reporter-output>
          </reporter-output>
        </test-method> <!-- teardown -->
        <test-method signature="testTextInput(java.lang.String)[pri:0, instance:edep.seleniumLearning.app.tests.WebFormTestCopy@6cb6decd]" started-at="2025-03-25T21:20:20 CST" name="testTextInput" data-provider="browser" finished-at="2025-03-25T21:20:22 CST" duration-ms="1480" status="PASS">
          <params>
            <param index="0">
              <value>
                <![CDATA[chrome]]>
              </value>
            </param>
          </params>
          <reporter-output>
          </reporter-output>
        </test-method> <!-- testTextInput -->
        <test-method is-config="true" signature="teardown()[pri:0, instance:edep.seleniumLearning.app.tests.WebFormTestCopy@6cb6decd]" started-at="2025-03-25T21:20:22 CST" name="teardown" finished-at="2025-03-25T21:20:22 CST" duration-ms="92" status="PASS">
          <reporter-output>
          </reporter-output>
        </test-method> <!-- teardown -->
      </class> <!-- edep.seleniumLearning.app.tests.WebFormTestCopy -->
      <class name="edep.seleniumLearning.app.tests.WebFormTest">
        <test-method signature="testTextInput(java.lang.String)[pri:0, instance:edep.seleniumLearning.app.tests.WebFormTest@68f1b17f]" started-at="2025-03-25T21:20:17 CST" name="testTextInput" data-provider="browser" finished-at="2025-03-25T21:20:19 CST" duration-ms="2454" status="PASS">
          <params>
            <param index="0">
              <value>
                <![CDATA[firefox]]>
              </value>
            </param>
          </params>
          <reporter-output>
          </reporter-output>
        </test-method> <!-- testTextInput -->
        <test-method is-config="true" signature="teardown()[pri:0, instance:edep.seleniumLearning.app.tests.WebFormTest@68f1b17f]" started-at="2025-03-25T21:20:19 CST" name="teardown" finished-at="2025-03-25T21:20:20 CST" duration-ms="550" status="PASS">
          <reporter-output>
          </reporter-output>
        </test-method> <!-- teardown -->
        <test-method signature="testTextInput(java.lang.String)[pri:0, instance:edep.seleniumLearning.app.tests.WebFormTest@68f1b17f]" started-at="2025-03-25T21:20:20 CST" name="testTextInput" data-provider="browser" finished-at="2025-03-25T21:20:22 CST" duration-ms="1637" status="PASS">
          <params>
            <param index="0">
              <value>
                <![CDATA[chrome]]>
              </value>
            </param>
          </params>
          <reporter-output>
          </reporter-output>
        </test-method> <!-- testTextInput -->
        <test-method is-config="true" signature="teardown()[pri:0, instance:edep.seleniumLearning.app.tests.WebFormTest@68f1b17f]" started-at="2025-03-25T21:20:22 CST" name="teardown" finished-at="2025-03-25T21:20:22 CST" duration-ms="92" status="PASS">
          <reporter-output>
          </reporter-output>
        </test-method> <!-- teardown -->
      </class> <!-- edep.seleniumLearning.app.tests.WebFormTest -->
    </test> <!-- parallel-tests -->
  </suite> <!-- parallel-suite -->
</testng-results>
