<?xml version="1.0" encoding="UTF-8"?>
<testsuite xmlns:xsi="http://www.w3.org/2001/XMLSchema-instance" xsi:noNamespaceSchemaLocation="https://maven.apache.org/surefire/maven-surefire-plugin/xsd/surefire-test-report.xsd" version="3.0.2" name="TestSuite" time="5.129" tests="4" errors="0" skipped="0" failures="0">
  <properties>
[...]
</properties>
  <testcase name="testTextInput[firefox](1)" classname="edep.seleniumLearning.app.tests.WebFormTest" time="2.501">
    <system-out><![CDATA[21:20:17.731 [TestNG-test-parallel-tests-2] INFO io.github.bonigarcia.wdm.WebDriverManager -- Using geckodriver 0.36.0 (resolved driver for Firefox 135)
21:20:17.731 [TestNG-test-parallel-tests-1] INFO io.github.bonigarcia.wdm.WebDriverManager -- Using geckodriver 0.36.0 (resolved driver for Firefox 135)
21:20:17.742 [TestNG-test-parallel-tests-2] INFO io.github.bonigarcia.wdm.WebDriverManager -- Exporting webdriver.gecko.driver as /Users/elizondo/.cache/selenium/geckodriver/mac-arm64/0.36.0/geckodriver
21:20:17.743 [TestNG-test-parallel-tests-1] INFO io.github.bonigarcia.wdm.WebDriverManager -- Exporting webdriver.gecko.driver as /Users/elizondo/.cache/selenium/geckodriver/mac-arm64/0.36.0/geckodriver
]]></system-out>
  </testcase>
  <testcase name="testTextInput[chrome](2)" classname="edep.seleniumLearning.app.tests.WebFormTest" time="1.482">
    <system-out><![CDATA[21:20:20.558 [TestNG-test-parallel-tests-1] INFO io.github.bonigarcia.wdm.WebDriverManager -- Using chromedriver 134.0.6998.165 (resolved driver for Chrome 134)
21:20:20.561 [TestNG-test-parallel-tests-1] INFO io.github.bonigarcia.wdm.WebDriverManager -- Exporting webdriver.chrome.driver as /Users/elizondo/.cache/selenium/chromedriver/mac-arm64/134.0.6998.165/chromedriver
21:20:20.714 [TestNG-test-parallel-tests-2] INFO io.github.bonigarcia.wdm.WebDriverManager -- Using chromedriver 134.0.6998.165 (resolved driver for Chrome 134)
21:20:20.717 [TestNG-test-parallel-tests-2] INFO io.github.bonigarcia.wdm.WebDriverManager -- Exporting webdriver.chrome.driver as /Users/elizondo/.cache/selenium/chromedriver/mac-arm64/134.0.6998.165/chromedriver
]]></system-out>
    <system-err><![CDATA[Mar 25, 2025 9:20:21 PM org.openqa.selenium.devtools.CdpVersionFinder findNearestMatch
WARNING: Unable to find an exact match for CDP version 134, returning the closest version; found: 133; Please update to a Selenium version that supports CDP version 134
Mar 25, 2025 9:20:21 PM org.openqa.selenium.devtools.CdpVersionFinder findNearestMatch
WARNING: Unable to find an exact match for CDP version 134, returning the closest version; found: 133; Please update to a Selenium version that supports CDP version 134
]]></system-err>
  </testcase>
  <testcase name="testTextInput[firefox](1)" classname="edep.seleniumLearning.app.tests.WebFormTestCopy" time="2.766"/>
  <testcase name="testTextInput[chrome](2)" classname="edep.seleniumLearning.app.tests.WebFormTestCopy" time="1.482"/>
</testsuite>