<?xml version="1.0" encoding="UTF-8"?>
<!-- Generated by org.testng.reporters.JUnitXMLReporter -->
<testsuite ignored="0" hostname="Estebans-MacBook-Air.local" failures="0" tests="4" name="parallel-tests" time="4.801" errors="0" timestamp="2025-03-25T21:20:22 CST">
  <testcase classname="edep.seleniumLearning.app.tests.WebFormTest" name="testTextInput" time="2.454"/>
  <testcase classname="edep.seleniumLearning.app.tests.WebFormTestCopy" name="testTextInput" time="2.764"/>
  <testcase classname="edep.seleniumLearning.app.tests.WebFormTest" name="testTextInput" time="1.637"/>
  <testcase classname="edep.seleniumLearning.app.tests.WebFormTestCopy" name="testTextInput" time="1.48"/>
</testsuite> <!-- parallel-tests -->
